<?xml version="1.0" encoding="UTF-8"?>
<testng-results total="1" passed="1" failed="0" skipped="0">
  <reporter-output>
  </reporter-output>
  <suite started-at="2022-08-29T18:03:41Z" name="Default suite" finished-at="2022-08-29T18:03:54Z" duration-ms="13262">
    <groups>
    </groups>
    <test started-at="2022-08-29T18:03:41Z" name="Default test" finished-at="2022-08-29T18:03:54Z" duration-ms="13262">
      <class name="org.testing.utilities.DropDownselection">
        <test-method signature="login()[pri:0, instance:org.testing.utilities.DropDownselection@76b07f29]" started-at="2022-08-29T23:33:41Z" name="login" finished-at="2022-08-29T23:33:54Z" duration-ms="13232" status="PASS">
          <reporter-output>
          </reporter-output>
        </test-method> <!-- login -->
      </class> <!-- org.testing.utilities.DropDownselection -->
    </test> <!-- Default test -->
  </suite> <!-- Default suite -->
</testng-results>
